#
# There is insufficient memory for the Java Runtime Environment to continue.
# Native memory allocation (mmap) failed to map 65536 bytes for Failed to commit metaspace.
# Possible reasons:
#   The system is out of physical RAM or swap space
#   The process is running with CompressedOops enabled, and the Java Heap may be blocking the growth of the native heap
# Possible solutions:
#   Reduce memory load on the system
#   Increase physical memory or swap space
#   Check if swap backing store is full
#   Decrease Java heap size (-Xmx/-Xms)
#   Decrease number of Java threads
#   Decrease Java thread stack sizes (-Xss)
#   Set larger code cache with -XX:ReservedCodeCacheSize=
#   JVM is running with Unscaled Compressed Oops mode in which the Java heap is
#     placed in the first 4GB address space. The Java Heap base address is the
#     maximum limit for the native heap growth. Please use -XX:HeapBaseMinAddress
#     to set the Java Heap base and to place the Java Heap above 4GB virtual address.
# This output file may be truncated or incomplete.
#
#  Out of Memory Error (virtualSpaceNode.cpp:112), pid=13300, tid=4200
#
# JRE version: OpenJDK Runtime Environment JBR-21+9-212.1-nomod (21.0+9) (build 21+9-b212.1)
# Java VM: OpenJDK 64-Bit Server VM JBR-21+9-212.1-nomod (21+9-b212.1, mixed mode, tiered, compressed oops, compressed class ptrs, g1 gc, windows-amd64)
# No core dump will be written. Minidumps are not enabled by default on client versions of Windows
#

---------------  S U M M A R Y ------------

Command Line: -javaagent:C:\Users\Zass\IntelliJ IDEA Community Edition 2023.1.3\lib\idea_rt.jar=62463:C:\Users\Zass\IntelliJ IDEA Community Edition 2023.1.3\bin -Dfile.encoding=UTF-8 -Dsun.stdout.encoding=UTF-8 -Dsun.stderr.encoding=UTF-8 labmanual1mis.Rectangle

Host: Intel(R) Core(TM) i5-7300U CPU @ 2.60GHz, 4 cores, 7G,  Windows 10 , 64 bit Build 19041 (10.0.19041.3393)
Time: Sat Sep 30 12:06:02 2023 Pakistan Standard Time elapsed time: 0.255177 seconds (0d 0h 0m 0s)

---------------  T H R E A D  ---------------

Current thread (0x000001aedfb521f0):  JavaThread "main"             [_thread_in_vm, id=4200, stack(0x00000044b9800000,0x00000044b9900000) (1024K)]

Stack: [0x00000044b9800000,0x00000044b9900000]
Native frames: (J=compiled Java code, j=interpreted, Vv=VM code, C=native code)
V  [jvm.dll+0x6df2f9]

Java frames: (J=compiled Java code, j=interpreted, Vv=VM code)
j  java.lang.invoke.LambdaForm.editor()Ljava/lang/invoke/LambdaFormEditor;+1 java.base@21
j  java.lang.invoke.MethodHandles.dropArgumentsTrusted(Ljava/lang/invoke/MethodHandle;I[Ljava/lang/Class;)Ljava/lang/invoke/MethodHandle;+73 java.base@21
j  java.lang.invoke.MethodHandles.dropArguments(Ljava/lang/invoke/MethodHandle;I[Ljava/lang/Class;)Ljava/lang/invoke/MethodHandle;+9 java.base@21
j  jdk.internal.reflect.MethodHandleAccessorFactory.makeSpecializedTarget(Ljava/lang/invoke/MethodHandle;ZZ)Ljava/lang/invoke/MethodHandle;+86 java.base@21
j  jdk.internal.reflect.MethodHandleAccessorFactory.getDirectMethod(Ljava/lang/reflect/Method;Z)Ljava/lang/invoke/MethodHandle;+79 java.base@21
j  jdk.internal.reflect.MethodHandleAccessorFactory.newMethodAccessor(Ljava/lang/reflect/Method;Z)Ljdk/internal/reflect/MethodAccessorImpl;+41 java.base@21
j  jdk.internal.reflect.ReflectionFactory.newMethodAccessor(Ljava/lang/reflect/Method;Z)Ljdk/internal/reflect/MethodAccessor;+28 java.base@21
j  java.lang.reflect.Method.acquireMethodAccessor()Ljdk/internal/reflect/MethodAccessor;+38 java.base@21
j  java.lang.reflect.Method.invoke(Ljava/lang/Object;[Ljava/lang/Object;)Ljava/lang/Object;+75 java.base@21
j  java.lang.Class.getEnumConstantsShared()[Ljava/lang/Object;+49 java.base@21
j  java.lang.System$2.getEnumConstantsShared(Ljava/lang/Class;)[Ljava/lang/Enum;+1 java.base@21
j  java.util.EnumMap.getKeyUniverse(Ljava/lang/Class;)[Ljava/lang/Enum;+4 java.base@21
j  java.util.EnumMap.<init>(Ljava/lang/Class;)V+16 java.base@21
j  java.util.stream.StreamOpFlag.set(Ljava/util/stream/StreamOpFlag$Type;)Ljava/util/stream/StreamOpFlag$MaskBuilder;+10 java.base@21
j  java.util.stream.StreamOpFlag.<clinit>()V+11 java.base@21
v  ~StubRoutines::call_stub 0x000001aeeac8100d
j  java.util.stream.StreamSupport.stream(Ljava/util/Spliterator;Z)Ljava/util/stream/Stream;+11 java.base@21
j  java.util.Collection.stream()Ljava/util/stream/Stream;+7 java.base@21
j  jdk.internal.module.DefaultRoots.compute(Ljava/lang/module/ModuleFinder;Ljava/lang/module/ModuleFinder;)Ljava/util/Set;+6 java.base@21
j  jdk.internal.module.ModuleBootstrap.boot2()Ljava/lang/ModuleLayer;+727 java.base@21
j  jdk.internal.module.ModuleBootstrap.boot()Ljava/lang/ModuleLayer;+64 java.base@21
j  java.lang.System.initPhase2(ZZ)I+0 java.base@21
v  ~StubRoutines::call_stub 0x000001aeeac8100d

---------------  P R O C E S S  ---------------

Threads class SMR info:
_java_thread_list=0x000001aef76a0310, length=9, elements={
0x000001aedfb521f0, 0x000001aef76a0e20, 0x000001aef76a2890, 0x000001aef76b67b0,
0x000001aef76b7210, 0x000001aef76bfc80, 0x000001aef76e2580, 0x000001aef7684000,
0x000001aef76e4f30
}

Java Threads: ( => current thread )
=>0x000001aedfb521f0 JavaThread "main"                              [_thread_in_vm, id=4200, stack(0x00000044b9800000,0x00000044b9900000) (1024K)]
  0x000001aef76a0e20 JavaThread "Reference Handler"          daemon [_thread_blocked, id=9972, stack(0x00000044ba000000,0x00000044ba100000) (1024K)]
  0x000001aef76a2890 JavaThread "Finalizer"                  daemon [_thread_blocked, id=732, stack(0x00000044ba100000,0x00000044ba200000) (1024K)]
  0x000001aef76b67b0 JavaThread "Signal Dispatcher"          daemon [_thread_blocked, id=11416, stack(0x00000044ba200000,0x00000044ba300000) (1024K)]
  0x000001aef76b7210 JavaThread "Attach Listener"            daemon [_thread_blocked, id=14516, stack(0x00000044ba300000,0x00000044ba400000) (1024K)]
  0x000001aef76bfc80 JavaThread "Service Thread"             daemon [_thread_blocked, id=15292, stack(0x00000044ba400000,0x00000044ba500000) (1024K)]
  0x000001aef76e2580 JavaThread "Monitor Deflation Thread"   daemon [_thread_blocked, id=3664, stack(0x00000044ba500000,0x00000044ba600000) (1024K)]
  0x000001aef7684000 JavaThread "C2 CompilerThread0"         daemon [_thread_blocked, id=14328, stack(0x00000044ba600000,0x00000044ba700000) (1024K)]
  0x000001aef76e4f30 JavaThread "C1 CompilerThread0"         daemon [_thread_blocked, id=9828, stack(0x00000044ba700000,0x00000044ba800000) (1024K)]
Total: 9

Other Threads:
  0x000001aef73b0070 VMThread "VM Thread"                           [id=476, stack(0x00000044b9f00000,0x00000044ba000000) (1024K)]
  0x000001aef735f8a0 WatcherThread "VM Periodic Task Thread"        [id=14768, stack(0x00000044b9e00000,0x00000044b9f00000) (1024K)]
  0x000001aedfba9ce0 WorkerThread "GC Thread#0"                     [id=5196, stack(0x00000044b9900000,0x00000044b9a00000) (1024K)]
  0x000001aedfbba900 ConcurrentGCThread "G1 Main Marker"            [id=6508, stack(0x00000044b9a00000,0x00000044b9b00000) (1024K)]
  0x000001aedfbbbdc0 WorkerThread "G1 Conc#0"                       [id=9996, stack(0x00000044b9b00000,0x00000044b9c00000) (1024K)]
  0x000001aedfc2d2c0 ConcurrentGCThread "G1 Refine#0"               [id=14404, stack(0x00000044b9c00000,0x00000044b9d00000) (1024K)]
  0x000001aedfc2de30 ConcurrentGCThread "G1 Service"                [id=11240, stack(0x00000044b9d00000,0x00000044b9e00000) (1024K)]
Total: 7

Threads with active compile tasks:
Total: 0

VM state: not at safepoint (normal execution)

VM Mutex/Monitor currently owned by a thread:  ([mutex/lock_event])
[0x00007ff8b424bd90] Metaspace_lock - owner thread: 0x000001aedfb521f0

Heap address: 0x0000000081e00000, size: 2018 MB, Compressed Oops mode: 32-bit

CDS archive(s) not mapped
Compressed class space mapped at: 0x0000000100000000-0x0000000140000000, reserved size: 1073741824
Narrow klass base: 0x0000000000000000, Narrow klass shift: 3, Narrow klass range: 0x140000000

GC Precious Log:
 CardTable entry size: 512
 Card Set container configuration: InlinePtr #cards 5 size 8 Array Of Cards #cards 12 size 40 Howl #buckets 4 coarsen threshold 1843 Howl Bitmap #cards 512 size 80 coarsen threshold 460 Card regions per heap region 1 cards per card region 2048
 CPUs: 4 total, 4 available
 Memory: 8067M
 Large Page Support: Disabled
 NUMA Support: Disabled
 Compressed Oops: Enabled (32-bit)
 Heap Region Size: 1M
 Heap Min Capacity: 8M
 Heap Initial Capacity: 128M
 Heap Max Capacity: 2018M
 Pre-touch: Disabled
 Parallel Workers: 4
 Concurrent Workers: 1
 Concurrent Refinement Workers: 4
 Periodic GC: Disabled

Heap:
 garbage-first heap   total 131072K, used 1024K [0x0000000081e00000, 0x0000000100000000)
  region size 1024K, 2 young (2048K), 0 survivors (0K)
 Metaspace       used 4980K, committed 4992K, reserved 1114112K
  class space    used 372K, committed 384K, reserved 1048576K

Heap Regions: E=young(eden), S=young(survivor), O=old, HS=humongous(starts), HC=humongous(continues), CS=collection set, F=free, TAMS=top-at-mark-start, PB=parsable bottom
|   0|0x0000000081e00000, 0x0000000081e00000, 0x0000000081f00000|  0%| F|  |TAMS 0x0000000081e00000| PB 0x0000000081e00000| Untracked 
|   1|0x0000000081f00000, 0x0000000081f00000, 0x0000000082000000|  0%| F|  |TAMS 0x0000000081f00000| PB 0x0000000081f00000| Untracked 
|   2|0x0000000082000000, 0x0000000082000000, 0x0000000082100000|  0%| F|  |TAMS 0x0000000082000000| PB 0x0000000082000000| Untracked 
|   3|0x0000000082100000, 0x0000000082100000, 0x0000000082200000|  0%| F|  |TAMS 0x0000000082100000| PB 0x0000000082100000| Untracked 
|   4|0x0000000082200000, 0x0000000082200000, 0x0000000082300000|  0%| F|  |TAMS 0x0000000082200000| PB 0x0000000082200000| Untracked 
|   5|0x0000000082300000, 0x0000000082300000, 0x0000000082400000|  0%| F|  |TAMS 0x0000000082300000| PB 0x0000000082300000| Untracked 
|   6|0x0000000082400000, 0x0000000082400000, 0x0000000082500000|  0%| F|  |TAMS 0x0000000082400000| PB 0x0000000082400000| Untracked 
|   7|0x0000000082500000, 0x0000000082500000, 0x0000000082600000|  0%| F|  |TAMS 0x0000000082500000| PB 0x0000000082500000| Untracked 
|   8|0x0000000082600000, 0x0000000082600000, 0x0000000082700000|  0%| F|  |TAMS 0x0000000082600000| PB 0x0000000082600000| Untracked 
|   9|0x0000000082700000, 0x0000000082700000, 0x0000000082800000|  0%| F|  |TAMS 0x0000000082700000| PB 0x0000000082700000| Untracked 
|  10|0x0000000082800000, 0x0000000082800000, 0x0000000082900000|  0%| F|  |TAMS 0x0000000082800000| PB 0x0000000082800000| Untracked 
|  11|0x0000000082900000, 0x0000000082900000, 0x0000000082a00000|  0%| F|  |TAMS 0x0000000082900000| PB 0x0000000082900000| Untracked 
|  12|0x0000000082a00000, 0x0000000082a00000, 0x0000000082b00000|  0%| F|  |TAMS 0x0000000082a00000| PB 0x0000000082a00000| Untracked 
|  13|0x0000000082b00000, 0x0000000082b00000, 0x0000000082c00000|  0%| F|  |TAMS 0x0000000082b00000| PB 0x0000000082b00000| Untracked 
|  14|0x0000000082c00000, 0x0000000082c00000, 0x0000000082d00000|  0%| F|  |TAMS 0x0000000082c00000| PB 0x0000000082c00000| Untracked 
|  15|0x0000000082d00000, 0x0000000082d00000, 0x0000000082e00000|  0%| F|  |TAMS 0x0000000082d00000| PB 0x0000000082d00000| Untracked 
|  16|0x0000000082e00000, 0x0000000082e00000, 0x0000000082f00000|  0%| F|  |TAMS 0x0000000082e00000| PB 0x0000000082e00000| Untracked 
|  17|0x0000000082f00000, 0x0000000082f00000, 0x0000000083000000|  0%| F|  |TAMS 0x0000000082f00000| PB 0x0000000082f00000| Untracked 
|  18|0x0000000083000000, 0x0000000083000000, 0x0000000083100000|  0%| F|  |TAMS 0x0000000083000000| PB 0x0000000083000000| Untracked 
|  19|0x0000000083100000, 0x0000000083100000, 0x0000000083200000|  0%| F|  |TAMS 0x0000000083100000| PB 0x0000000083100000| Untracked 
|  20|0x0000000083200000, 0x0000000083200000, 0x0000000083300000|  0%| F|  |TAMS 0x0000000083200000| PB 0x0000000083200000| Untracked 
|  21|0x0000000083300000, 0x0000000083300000, 0x0000000083400000|  0%| F|  |TAMS 0x0000000083300000| PB 0x0000000083300000| Untracked 
|  22|0x0000000083400000, 0x0000000083400000, 0x0000000083500000|  0%| F|  |TAMS 0x0000000083400000| PB 0x0000000083400000| Untracked 
|  23|0x0000000083500000, 0x0000000083500000, 0x0000000083600000|  0%| F|  |TAMS 0x0000000083500000| PB 0x0000000083500000| Untracked 
|  24|0x0000000083600000, 0x0000000083600000, 0x0000000083700000|  0%| F|  |TAMS 0x0000000083600000| PB 0x0000000083600000| Untracked 
|  25|0x0000000083700000, 0x0000000083700000, 0x0000000083800000|  0%| F|  |TAMS 0x0000000083700000| PB 0x0000000083700000| Untracked 
|  26|0x0000000083800000, 0x0000000083800000, 0x0000000083900000|  0%| F|  |TAMS 0x0000000083800000| PB 0x0000000083800000| Untracked 
|  27|0x0000000083900000, 0x0000000083900000, 0x0000000083a00000|  0%| F|  |TAMS 0x0000000083900000| PB 0x0000000083900000| Untracked 
|  28|0x0000000083a00000, 0x0000000083a00000, 0x0000000083b00000|  0%| F|  |TAMS 0x0000000083a00000| PB 0x0000000083a00000| Untracked 
|  29|0x0000000083b00000, 0x0000000083b00000, 0x0000000083c00000|  0%| F|  |TAMS 0x0000000083b00000| PB 0x0000000083b00000| Untracked 
|  30|0x0000000083c00000, 0x0000000083c00000, 0x0000000083d00000|  0%| F|  |TAMS 0x0000000083c00000| PB 0x0000000083c00000| Untracked 
|  31|0x0000000083d00000, 0x0000000083d00000, 0x0000000083e00000|  0%| F|  |TAMS 0x0000000083d00000| PB 0x0000000083d00000| Untracked 
|  32|0x0000000083e00000, 0x0000000083e00000, 0x0000000083f00000|  0%| F|  |TAMS 0x0000000083e00000| PB 0x0000000083e00000| Untracked 
|  33|0x0000000083f00000, 0x0000000083f00000, 0x0000000084000000|  0%| F|  |TAMS 0x0000000083f00000| PB 0x0000000083f00000| Untracked 
|  34|0x0000000084000000, 0x0000000084000000, 0x0000000084100000|  0%| F|  |TAMS 0x0000000084000000| PB 0x0000000084000000| Untracked 
|  35|0x0000000084100000, 0x0000000084100000, 0x0000000084200000|  0%| F|  |TAMS 0x0000000084100000| PB 0x0000000084100000| Untracked 
|  36|0x0000000084200000, 0x0000000084200000, 0x0000000084300000|  0%| F|  |TAMS 0x0000000084200000| PB 0x0000000084200000| Untracked 
|  37|0x0000000084300000, 0x0000000084300000, 0x0000000084400000|  0%| F|  |TAMS 0x0000000084300000| PB 0x0000000084300000| Untracked 
|  38|0x0000000084400000, 0x0000000084400000, 0x0000000084500000|  0%| F|  |TAMS 0x0000000084400000| PB 0x0000000084400000| Untracked 
|  39|0x0000000084500000, 0x0000000084500000, 0x0000000084600000|  0%| F|  |TAMS 0x0000000084500000| PB 0x0000000084500000| Untracked 
|  40|0x0000000084600000, 0x0000000084600000, 0x0000000084700000|  0%| F|  |TAMS 0x0000000084600000| PB 0x0000000084600000| Untracked 
|  41|0x0000000084700000, 0x0000000084700000, 0x0000000084800000|  0%| F|  |TAMS 0x0000000084700000| PB 0x0000000084700000| Untracked 
|  42|0x0000000084800000, 0x0000000084800000, 0x0000000084900000|  0%| F|  |TAMS 0x0000000084800000| PB 0x0000000084800000| Untracked 
|  43|0x0000000084900000, 0x0000000084900000, 0x0000000084a00000|  0%| F|  |TAMS 0x0000000084900000| PB 0x0000000084900000| Untracked 
|  44|0x0000000084a00000, 0x0000000084a00000, 0x0000000084b00000|  0%| F|  |TAMS 0x0000000084a00000| PB 0x0000000084a00000| Untracked 
|  45|0x0000000084b00000, 0x0000000084b00000, 0x0000000084c00000|  0%| F|  |TAMS 0x0000000084b00000| PB 0x0000000084b00000| Untracked 
|  46|0x0000000084c00000, 0x0000000084c00000, 0x0000000084d00000|  0%| F|  |TAMS 0x0000000084c00000| PB 0x0000000084c00000| Untracked 
|  47|0x0000000084d00000, 0x0000000084d00000, 0x0000000084e00000|  0%| F|  |TAMS 0x0000000084d00000| PB 0x0000000084d00000| Untracked 
|  48|0x0000000084e00000, 0x0000000084e00000, 0x0000000084f00000|  0%| F|  |TAMS 0x0000000084e00000| PB 0x0000000084e00000| Untracked 
|  49|0x0000000084f00000, 0x0000000084f00000, 0x0000000085000000|  0%| F|  |TAMS 0x0000000084f00000| PB 0x0000000084f00000| Untracked 
|  50|0x0000000085000000, 0x0000000085000000, 0x0000000085100000|  0%| F|  |TAMS 0x0000000085000000| PB 0x0000000085000000| Untracked 
|  51|0x0000000085100000, 0x0000000085100000, 0x0000000085200000|  0%| F|  |TAMS 0x0000000085100000| PB 0x0000000085100000| Untracked 
|  52|0x0000000085200000, 0x0000000085200000, 0x0000000085300000|  0%| F|  |TAMS 0x0000000085200000| PB 0x0000000085200000| Untracked 
|  53|0x0000000085300000, 0x0000000085300000, 0x0000000085400000|  0%| F|  |TAMS 0x0000000085300000| PB 0x0000000085300000| Untracked 
|  54|0x0000000085400000, 0x0000000085400000, 0x0000000085500000|  0%| F|  |TAMS 0x0000000085400000| PB 0x0000000085400000| Untracked 
|  55|0x0000000085500000, 0x0000000085500000, 0x0000000085600000|  0%| F|  |TAMS 0x0000000085500000| PB 0x0000000085500000| Untracked 
|  56|0x0000000085600000, 0x0000000085600000, 0x0000000085700000|  0%| F|  |TAMS 0x0000000085600000| PB 0x0000000085600000| Untracked 
|  57|0x0000000085700000, 0x0000000085700000, 0x0000000085800000|  0%| F|  |TAMS 0x0000000085700000| PB 0x0000000085700000| Untracked 
|  58|0x0000000085800000, 0x0000000085800000, 0x0000000085900000|  0%| F|  |TAMS 0x0000000085800000| PB 0x0000000085800000| Untracked 
|  59|0x0000000085900000, 0x0000000085900000, 0x0000000085a00000|  0%| F|  |TAMS 0x0000000085900000| PB 0x0000000085900000| Untracked 
|  60|0x0000000085a00000, 0x0000000085a00000, 0x0000000085b00000|  0%| F|  |TAMS 0x0000000085a00000| PB 0x0000000085a00000| Untracked 
|  61|0x0000000085b00000, 0x0000000085b00000, 0x0000000085c00000|  0%| F|  |TAMS 0x0000000085b00000| PB 0x0000000085b00000| Untracked 
|  62|0x0000000085c00000, 0x0000000085c00000, 0x0000000085d00000|  0%| F|  |TAMS 0x0000000085c00000| PB 0x0000000085c00000| Untracked 
|  63|0x0000000085d00000, 0x0000000085d00000, 0x0000000085e00000|  0%| F|  |TAMS 0x0000000085d00000| PB 0x0000000085d00000| Untracked 
|  64|0x0000000085e00000, 0x0000000085e00000, 0x0000000085f00000|  0%| F|  |TAMS 0x0000000085e00000| PB 0x0000000085e00000| Untracked 
|  65|0x0000000085f00000, 0x0000000085f00000, 0x0000000086000000|  0%| F|  |TAMS 0x0000000085f00000| PB 0x0000000085f00000| Untracked 
|  66|0x0000000086000000, 0x0000000086000000, 0x0000000086100000|  0%| F|  |TAMS 0x0000000086000000| PB 0x0000000086000000| Untracked 
|  67|0x0000000086100000, 0x0000000086100000, 0x0000000086200000|  0%| F|  |TAMS 0x0000000086100000| PB 0x0000000086100000| Untracked 
|  68|0x0000000086200000, 0x0000000086200000, 0x0000000086300000|  0%| F|  |TAMS 0x0000000086200000| PB 0x0000000086200000| Untracked 
|  69|0x0000000086300000, 0x0000000086300000, 0x0000000086400000|  0%| F|  |TAMS 0x0000000086300000| PB 0x0000000086300000| Untracked 
|  70|0x0000000086400000, 0x0000000086400000, 0x0000000086500000|  0%| F|  |TAMS 0x0000000086400000| PB 0x0000000086400000| Untracked 
|  71|0x0000000086500000, 0x0000000086500000, 0x0000000086600000|  0%| F|  |TAMS 0x0000000086500000| PB 0x0000000086500000| Untracked 
|  72|0x0000000086600000, 0x0000000086600000, 0x0000000086700000|  0%| F|  |TAMS 0x0000000086600000| PB 0x0000000086600000| Untracked 
|  73|0x0000000086700000, 0x0000000086700000, 0x0000000086800000|  0%| F|  |TAMS 0x0000000086700000| PB 0x0000000086700000| Untracked 
|  74|0x0000000086800000, 0x0000000086800000, 0x0000000086900000|  0%| F|  |TAMS 0x0000000086800000| PB 0x0000000086800000| Untracked 
|  75|0x0000000086900000, 0x0000000086900000, 0x0000000086a00000|  0%| F|  |TAMS 0x0000000086900000| PB 0x0000000086900000| Untracked 
|  76|0x0000000086a00000, 0x0000000086a00000, 0x0000000086b00000|  0%| F|  |TAMS 0x0000000086a00000| PB 0x0000000086a00000| Untracked 
|  77|0x0000000086b00000, 0x0000000086b00000, 0x0000000086c00000|  0%| F|  |TAMS 0x0000000086b00000| PB 0x0000000086b00000| Untracked 
|  78|0x0000000086c00000, 0x0000000086c00000, 0x0000000086d00000|  0%| F|  |TAMS 0x0000000086c00000| PB 0x0000000086c00000| Untracked 
|  79|0x0000000086d00000, 0x0000000086d00000, 0x0000000086e00000|  0%| F|  |TAMS 0x0000000086d00000| PB 0x0000000086d00000| Untracked 
|  80|0x0000000086e00000, 0x0000000086e00000, 0x0000000086f00000|  0%| F|  |TAMS 0x0000000086e00000| PB 0x0000000086e00000| Untracked 
|  81|0x0000000086f00000, 0x0000000086f00000, 0x0000000087000000|  0%| F|  |TAMS 0x0000000086f00000| PB 0x0000000086f00000| Untracked 
|  82|0x0000000087000000, 0x0000000087000000, 0x0000000087100000|  0%| F|  |TAMS 0x0000000087000000| PB 0x0000000087000000| Untracked 
|  83|0x0000000087100000, 0x0000000087100000, 0x0000000087200000|  0%| F|  |TAMS 0x0000000087100000| PB 0x0000000087100000| Untracked 
|  84|0x0000000087200000, 0x0000000087200000, 0x0000000087300000|  0%| F|  |TAMS 0x0000000087200000| PB 0x0000000087200000| Untracked 
|  85|0x0000000087300000, 0x0000000087300000, 0x0000000087400000|  0%| F|  |TAMS 0x0000000087300000| PB 0x0000000087300000| Untracked 
|  86|0x0000000087400000, 0x0000000087400000, 0x0000000087500000|  0%| F|  |TAMS 0x0000000087400000| PB 0x0000000087400000| Untracked 
|  87|0x0000000087500000, 0x0000000087500000, 0x0000000087600000|  0%| F|  |TAMS 0x0000000087500000| PB 0x0000000087500000| Untracked 
|  88|0x0000000087600000, 0x0000000087600000, 0x0000000087700000|  0%| F|  |TAMS 0x0000000087600000| PB 0x0000000087600000| Untracked 
|  89|0x0000000087700000, 0x0000000087700000, 0x0000000087800000|  0%| F|  |TAMS 0x0000000087700000| PB 0x0000000087700000| Untracked 
|  90|0x0000000087800000, 0x0000000087800000, 0x0000000087900000|  0%| F|  |TAMS 0x0000000087800000| PB 0x0000000087800000| Untracked 
|  91|0x0000000087900000, 0x0000000087900000, 0x0000000087a00000|  0%| F|  |TAMS 0x0000000087900000| PB 0x0000000087900000| Untracked 
|  92|0x0000000087a00000, 0x0000000087a00000, 0x0000000087b00000|  0%| F|  |TAMS 0x0000000087a00000| PB 0x0000000087a00000| Untracked 
|  93|0x0000000087b00000, 0x0000000087b00000, 0x0000000087c00000|  0%| F|  |TAMS 0x0000000087b00000| PB 0x0000000087b00000| Untracked 
|  94|0x0000000087c00000, 0x0000000087c00000, 0x0000000087d00000|  0%| F|  |TAMS 0x0000000087c00000| PB 0x0000000087c00000| Untracked 
|  95|0x0000000087d00000, 0x0000000087d00000, 0x0000000087e00000|  0%| F|  |TAMS 0x0000000087d00000| PB 0x0000000087d00000| Untracked 
|  96|0x0000000087e00000, 0x0000000087e00000, 0x0000000087f00000|  0%| F|  |TAMS 0x0000000087e00000| PB 0x0000000087e00000| Untracked 
|  97|0x0000000087f00000, 0x0000000087f00000, 0x0000000088000000|  0%| F|  |TAMS 0x0000000087f00000| PB 0x0000000087f00000| Untracked 
|  98|0x0000000088000000, 0x0000000088000000, 0x0000000088100000|  0%| F|  |TAMS 0x0000000088000000| PB 0x0000000088000000| Untracked 
|  99|0x0000000088100000, 0x0000000088100000, 0x0000000088200000|  0%| F|  |TAMS 0x0000000088100000| PB 0x0000000088100000| Untracked 
| 100|0x0000000088200000, 0x0000000088200000, 0x0000000088300000|  0%| F|  |TAMS 0x0000000088200000| PB 0x0000000088200000| Untracked 
| 101|0x0000000088300000, 0x0000000088300000, 0x0000000088400000|  0%| F|  |TAMS 0x0000000088300000| PB 0x0000000088300000| Untracked 
| 102|0x0000000088400000, 0x0000000088400000, 0x0000000088500000|  0%| F|  |TAMS 0x0000000088400000| PB 0x0000000088400000| Untracked 
| 103|0x0000000088500000, 0x0000000088500000, 0x0000000088600000|  0%| F|  |TAMS 0x0000000088500000| PB 0x0000000088500000| Untracked 
| 104|0x0000000088600000, 0x0000000088600000, 0x0000000088700000|  0%| F|  |TAMS 0x0000000088600000| PB 0x0000000088600000| Untracked 
| 105|0x0000000088700000, 0x0000000088700000, 0x0000000088800000|  0%| F|  |TAMS 0x0000000088700000| PB 0x0000000088700000| Untracked 
| 106|0x0000000088800000, 0x0000000088800000, 0x0000000088900000|  0%| F|  |TAMS 0x0000000088800000| PB 0x0000000088800000| Untracked 
| 107|0x0000000088900000, 0x0000000088900000, 0x0000000088a00000|  0%| F|  |TAMS 0x0000000088900000| PB 0x0000000088900000| Untracked 
| 108|0x0000000088a00000, 0x0000000088a00000, 0x0000000088b00000|  0%| F|  |TAMS 0x0000000088a00000| PB 0x0000000088a00000| Untracked 
| 109|0x0000000088b00000, 0x0000000088b00000, 0x0000000088c00000|  0%| F|  |TAMS 0x0000000088b00000| PB 0x0000000088b00000| Untracked 
| 110|0x0000000088c00000, 0x0000000088c00000, 0x0000000088d00000|  0%| F|  |TAMS 0x0000000088c00000| PB 0x0000000088c00000| Untracked 
| 111|0x0000000088d00000, 0x0000000088d00000, 0x0000000088e00000|  0%| F|  |TAMS 0x0000000088d00000| PB 0x0000000088d00000| Untracked 
| 112|0x0000000088e00000, 0x0000000088e00000, 0x0000000088f00000|  0%| F|  |TAMS 0x0000000088e00000| PB 0x0000000088e00000| Untracked 
| 113|0x0000000088f00000, 0x0000000088f00000, 0x0000000089000000|  0%| F|  |TAMS 0x0000000088f00000| PB 0x0000000088f00000| Untracked 
| 114|0x0000000089000000, 0x0000000089000000, 0x0000000089100000|  0%| F|  |TAMS 0x0000000089000000| PB 0x0000000089000000| Untracked 
| 115|0x0000000089100000, 0x0000000089100000, 0x0000000089200000|  0%| F|  |TAMS 0x0000000089100000| PB 0x0000000089100000| Untracked 
| 116|0x0000000089200000, 0x0000000089200000, 0x0000000089300000|  0%| F|  |TAMS 0x0000000089200000| PB 0x0000000089200000| Untracked 
| 117|0x0000000089300000, 0x0000000089300000, 0x0000000089400000|  0%| F|  |TAMS 0x0000000089300000| PB 0x0000000089300000| Untracked 
| 118|0x0000000089400000, 0x0000000089400000, 0x0000000089500000|  0%| F|  |TAMS 0x0000000089400000| PB 0x0000000089400000| Untracked 
| 119|0x0000000089500000, 0x0000000089500000, 0x0000000089600000|  0%| F|  |TAMS 0x0000000089500000| PB 0x0000000089500000| Untracked 
| 120|0x0000000089600000, 0x0000000089600000, 0x0000000089700000|  0%| F|  |TAMS 0x0000000089600000| PB 0x0000000089600000| Untracked 
| 121|0x0000000089700000, 0x0000000089700000, 0x0000000089800000|  0%| F|  |TAMS 0x0000000089700000| PB 0x0000000089700000| Untracked 
| 122|0x0000000089800000, 0x0000000089800000, 0x0000000089900000|  0%| F|  |TAMS 0x0000000089800000| PB 0x0000000089800000| Untracked 
| 123|0x0000000089900000, 0x0000000089900000, 0x0000000089a00000|  0%| F|  |TAMS 0x0000000089900000| PB 0x0000000089900000| Untracked 
| 124|0x0000000089a00000, 0x0000000089a00000, 0x0000000089b00000|  0%| F|  |TAMS 0x0000000089a00000| PB 0x0000000089a00000| Untracked 
| 125|0x0000000089b00000, 0x0000000089b00000, 0x0000000089c00000|  0%| F|  |TAMS 0x0000000089b00000| PB 0x0000000089b00000| Untracked 
| 126|0x0000000089c00000, 0x0000000089c43118, 0x0000000089d00000| 26%| E|  |TAMS 0x0000000089c00000| PB 0x0000000089c00000| Complete 
| 127|0x0000000089d00000, 0x0000000089e00000, 0x0000000089e00000|100%| E|CS|TAMS 0x0000000089d00000| PB 0x0000000089d00000| Complete 

Card table byte_map: [0x000001aef2b50000,0x000001aef2f50000] _byte_map_base: 0x000001aef2741000

Marking Bits: (CMBitMap*) 0x000001aedfbaa3e0
 Bits: [0x000001aef2f50000, 0x000001aef4ed8000)

Polling page: 0x000001aedd970000

Metaspace:

Usage:
  Non-class:      4.50 MB used.
      Class:    372.44 KB used.
       Both:      4.86 MB used.

Virtual space:
  Non-class space:       64.00 MB reserved,       4.50 MB (  7%) committed,  1 nodes.
      Class space:        1.00 GB reserved,     384.00 KB ( <1%) committed,  1 nodes.
             Both:        1.06 GB reserved,       4.88 MB ( <1%) committed. 

Chunk freelists:
   Non-Class:  11.00 MB
       Class:  15.62 MB
        Both:  26.62 MB

MaxMetaspaceSize: unlimited
CompressedClassSpaceSize: 1.00 GB
Initial GC threshold: 21.00 MB
Current GC threshold: 21.00 MB
CDS: off
 - commit_granule_bytes: 65536.
 - commit_granule_words: 8192.
 - virtual_space_node_default_size: 8388608.
 - enlarge_chunks_in_place: 1.
 - use_allocation_guard: 0.


Internal statistics:

num_allocs_failed_limit: 0.
num_arena_births: 2.
num_arena_deaths: 0.
num_vsnodes_births: 2.
num_vsnodes_deaths: 0.
num_space_committed: 78.
num_space_uncommitted: 0.
num_chunks_returned_to_freelist: 0.
num_chunks_taken_from_freelist: 5.
num_chunk_merges: 0.
num_chunk_splits: 3.
num_chunks_enlarged: 0.
num_inconsistent_stats: 0.

CodeHeap 'non-profiled nmethods': size=120000Kb used=11Kb max_used=11Kb free=119988Kb
 bounds [0x000001aeeb220000, 0x000001aeeb490000, 0x000001aef2750000]
CodeHeap 'profiled nmethods': size=120000Kb used=47Kb max_used=47Kb free=119953Kb
 bounds [0x000001aee3750000, 0x000001aee39c0000, 0x000001aeeac80000]
CodeHeap 'non-nmethods': size=5760Kb used=1208Kb max_used=1208Kb free=4552Kb
 bounds [0x000001aeeac80000, 0x000001aeeaef0000, 0x000001aeeb220000]
 total_blobs=382 nmethods=44 adapters=243
 compilation: enabled
              stopped_count=0, restarted_count=0
 full_count=0

Compilation events (20 events):
Event: 0.203 Thread 0x000001aef76e4f30   26       1       java.lang.module.ModuleReference::descriptor (5 bytes)
Event: 0.203 Thread 0x000001aef76e4f30 nmethod 26 0x000001aeeb220a10 code [0x000001aeeb220ba0, 0x000001aeeb220c68]
Event: 0.203 Thread 0x000001aef76e4f30   27       3       jdk.internal.util.Preconditions::checkIndex (18 bytes)
Event: 0.203 Thread 0x000001aef76e4f30 nmethod 27 0x000001aee3758b90 code [0x000001aee3758d40, 0x000001aee3758ee8]
Event: 0.217 Thread 0x000001aef76e4f30   28       3       java.lang.String::isEmpty (14 bytes)
Event: 0.217 Thread 0x000001aef76e4f30 nmethod 28 0x000001aee3758f90 code [0x000001aee3759140, 0x000001aee37592b8]
Event: 0.217 Thread 0x000001aef76e4f30   29       3       java.util.ImmutableCollections$SetN$SetNIterator::hasNext (13 bytes)
Event: 0.217 Thread 0x000001aef76e4f30 nmethod 29 0x000001aee3759390 code [0x000001aee3759520, 0x000001aee3759690]
Event: 0.217 Thread 0x000001aef76e4f30   30       3       java.util.concurrent.ConcurrentHashMap::tabAt (22 bytes)
Event: 0.218 Thread 0x000001aef76e4f30 nmethod 30 0x000001aee3759710 code [0x000001aee37598c0, 0x000001aee3759b90]
Event: 0.218 Thread 0x000001aef76e4f30   31       3       jdk.internal.misc.Unsafe::getReferenceAcquire (7 bytes)
Event: 0.218 Thread 0x000001aef76e4f30 nmethod 31 0x000001aee3759c90 code [0x000001aee3759e20, 0x000001aee3759f88]
Event: 0.218 Thread 0x000001aef76e4f30   33       3       java.util.concurrent.ConcurrentHashMap::spread (10 bytes)
Event: 0.218 Thread 0x000001aef76e4f30 nmethod 33 0x000001aee375a010 code [0x000001aee375a1a0, 0x000001aee375a298]
Event: 0.218 Thread 0x000001aef76e4f30   34       3       java.util.concurrent.ConcurrentHashMap::addCount (280 bytes)
Event: 0.220 Thread 0x000001aef76e4f30 nmethod 34 0x000001aee375a310 code [0x000001aee375a560, 0x000001aee375af10]
Event: 0.220 Thread 0x000001aef76e4f30   35       3       java.util.ImmutableCollections$SetN$SetNIterator::next (90 bytes)
Event: 0.220 Thread 0x000001aef76e4f30 nmethod 35 0x000001aee375b210 code [0x000001aee375b3e0, 0x000001aee375b708]
Event: 0.245 Thread 0x000001aef76e4f30   38       3       java.util.concurrent.ConcurrentHashMap::casTabAt (21 bytes)
Event: 0.246 Thread 0x000001aef76e4f30 nmethod 38 0x000001aee375b890 code [0x000001aee375ba20, 0x000001aee375bb90]

GC Heap History (0 events):
No events

Dll operation events (3 events):
Event: 0.012 Loaded shared library C:\Users\Zass\.jdks\jbr-21\bin\java.dll
Event: 0.023 Loaded shared library C:\Users\Zass\.jdks\jbr-21\bin\zip.dll
Event: 0.160 Loaded shared library C:\Users\Zass\.jdks\jbr-21\bin\jsvml.dll

Deoptimization events (0 events):
No events

Classes loaded (20 events):
Event: 0.247 Loading class java/lang/invoke/SimpleMethodHandle
Event: 0.247 Loading class java/lang/invoke/SimpleMethodHandle done
Event: 0.247 Loading class java/lang/NoSuchFieldException
Event: 0.247 Loading class java/lang/NoSuchFieldException done
Event: 0.247 Loading class java/lang/invoke/BoundMethodHandle$Species_L
Event: 0.248 Loading class java/lang/invoke/BoundMethodHandle$Species_L done
Event: 0.248 Loading class java/lang/invoke/DirectMethodHandle$2
Event: 0.248 Loading class java/lang/invoke/DirectMethodHandle$2 done
Event: 0.249 Loading class java/lang/invoke/DelegatingMethodHandle
Event: 0.249 Loading class java/lang/invoke/DelegatingMethodHandle done
Event: 0.250 Loading class java/lang/invoke/DelegatingMethodHandle$Holder
Event: 0.250 Loading class java/lang/invoke/DelegatingMethodHandle$Holder done
Event: 0.251 Loading class java/lang/invoke/VarHandle$AccessMode
Event: 0.251 Loading class java/lang/invoke/VarHandle$AccessMode done
Event: 0.251 Loading class java/lang/invoke/VarHandle$AccessType
Event: 0.251 Loading class java/lang/invoke/VarHandle$AccessType done
Event: 0.252 Loading class java/lang/invoke/Invokers$Holder
Event: 0.252 Loading class java/lang/invoke/Invokers$Holder done
Event: 0.253 Loading class java/lang/invoke/LambdaFormEditor
Event: 0.253 Loading class java/lang/invoke/LambdaFormEditor done

Classes unloaded (0 events):
No events

Classes redefined (0 events):
No events

Internal exceptions (0 events):
No events

ZGC Phase Switch (0 events):
No events

VM Operations (0 events):
No events

Events (9 events):
Event: 0.021 Thread 0x000001aedfb521f0 Thread added: 0x000001aedfb521f0
Event: 0.152 Thread 0x000001aef76a0e20 Thread added: 0x000001aef76a0e20
Event: 0.152 Thread 0x000001aef76a2890 Thread added: 0x000001aef76a2890
Event: 0.156 Thread 0x000001aef76b67b0 Thread added: 0x000001aef76b67b0
Event: 0.156 Thread 0x000001aef76b7210 Thread added: 0x000001aef76b7210
Event: 0.156 Thread 0x000001aef76bfc80 Thread added: 0x000001aef76bfc80
Event: 0.157 Thread 0x000001aef76e2580 Thread added: 0x000001aef76e2580
Event: 0.157 Thread 0x000001aef7684000 Thread added: 0x000001aef7684000
Event: 0.157 Thread 0x000001aef76e4f30 Thread added: 0x000001aef76e4f30


Dynamic libraries:
0x00007ff60e4b0000 - 0x00007ff60e4ba000 	C:\Users\Zass\.jdks\jbr-21\bin\java.exe
0x00007ff8fd770000 - 0x00007ff8fd968000 	C:\Windows\SYSTEM32\ntdll.dll
0x00007ff8fcb40000 - 0x00007ff8fcbfd000 	C:\Windows\System32\KERNEL32.DLL
0x00007ff8fb090000 - 0x00007ff8fb386000 	C:\Windows\System32\KERNELBASE.dll
0x00007ff8faed0000 - 0x00007ff8fafd0000 	C:\Windows\System32\ucrtbase.dll
0x00007ff8f0880000 - 0x00007ff8f089b000 	C:\Users\Zass\.jdks\jbr-21\bin\VCRUNTIME140.dll
0x00007ff8f0860000 - 0x00007ff8f0878000 	C:\Users\Zass\.jdks\jbr-21\bin\jli.dll
0x00007ff8fb830000 - 0x00007ff8fb9ce000 	C:\Windows\System32\USER32.dll
0x00007ff8e56f0000 - 0x00007ff8e598a000 	C:\Windows\WinSxS\amd64_microsoft.windows.common-controls_6595b64144ccf1df_6.0.19041.1110_none_60b5254171f9507e\COMCTL32.dll
0x00007ff8fb060000 - 0x00007ff8fb082000 	C:\Windows\System32\win32u.dll
0x00007ff8fbb30000 - 0x00007ff8fbb5c000 	C:\Windows\System32\GDI32.dll
0x00007ff8fba90000 - 0x00007ff8fbb2e000 	C:\Windows\System32\msvcrt.dll
0x00007ff8fb400000 - 0x00007ff8fb51a000 	C:\Windows\System32\gdi32full.dll
0x00007ff8fb5d0000 - 0x00007ff8fb66d000 	C:\Windows\System32\msvcp_win.dll
0x00007ff8fce00000 - 0x00007ff8fce30000 	C:\Windows\System32\IMM32.DLL
0x00007ff8f2f10000 - 0x00007ff8f2f1c000 	C:\Users\Zass\.jdks\jbr-21\bin\vcruntime140_1.dll
0x00007ff8eff00000 - 0x00007ff8eff8d000 	C:\Users\Zass\.jdks\jbr-21\bin\msvcp140.dll
0x00007ff8b3590000 - 0x00007ff8b433d000 	C:\Users\Zass\.jdks\jbr-21\bin\server\jvm.dll
0x00007ff8fc3f0000 - 0x00007ff8fc49e000 	C:\Windows\System32\ADVAPI32.dll
0x00007ff8fb9d0000 - 0x00007ff8fba6c000 	C:\Windows\System32\sechost.dll
0x00007ff8fd070000 - 0x00007ff8fd196000 	C:\Windows\System32\RPCRT4.dll
0x00007ff8fcc00000 - 0x00007ff8fcc6b000 	C:\Windows\System32\WS2_32.dll
0x00007ff8facb0000 - 0x00007ff8facfb000 	C:\Windows\SYSTEM32\POWRPROF.dll
0x00007ff8ee0f0000 - 0x00007ff8ee0fa000 	C:\Windows\SYSTEM32\VERSION.dll
0x00007ff8d5000000 - 0x00007ff8d5027000 	C:\Windows\SYSTEM32\WINMM.dll
0x00007ff8fac90000 - 0x00007ff8faca2000 	C:\Windows\SYSTEM32\UMPDC.dll
0x00007ff8f9670000 - 0x00007ff8f9682000 	C:\Windows\SYSTEM32\kernel.appcore.dll
0x00007ff8f2e40000 - 0x00007ff8f2e4a000 	C:\Users\Zass\.jdks\jbr-21\bin\jimage.dll
0x00007ff8f5b90000 - 0x00007ff8f5d74000 	C:\Windows\SYSTEM32\DBGHELP.DLL
0x00007ff8ddae0000 - 0x00007ff8ddb14000 	C:\Windows\SYSTEM32\dbgcore.DLL
0x00007ff8fafd0000 - 0x00007ff8fb052000 	C:\Windows\System32\bcryptPrimitives.dll
0x00007ff8f21e0000 - 0x00007ff8f21ee000 	C:\Users\Zass\.jdks\jbr-21\bin\instrument.dll
0x00007ff8f0840000 - 0x00007ff8f085f000 	C:\Users\Zass\.jdks\jbr-21\bin\java.dll
0x00007ff8f07e0000 - 0x00007ff8f07f8000 	C:\Users\Zass\.jdks\jbr-21\bin\zip.dll
0x00007ff8fbca0000 - 0x00007ff8fc3e5000 	C:\Windows\System32\SHELL32.dll
0x00007ff8f5d80000 - 0x00007ff8f651b000 	C:\Windows\SYSTEM32\windows.storage.dll
0x00007ff8fc7e0000 - 0x00007ff8fcb34000 	C:\Windows\System32\combase.dll
0x00007ff8fa820000 - 0x00007ff8fa84e000 	C:\Windows\SYSTEM32\Wldp.dll
0x00007ff8fc660000 - 0x00007ff8fc70d000 	C:\Windows\System32\SHCORE.dll
0x00007ff8fbc40000 - 0x00007ff8fbc95000 	C:\Windows\System32\shlwapi.dll
0x00007ff8fad80000 - 0x00007ff8fada5000 	C:\Windows\SYSTEM32\profapi.dll
0x00007ff8e19f0000 - 0x00007ff8e1ac7000 	C:\Users\Zass\.jdks\jbr-21\bin\jsvml.dll

dbghelp: loaded successfully - version: 4.0.5 - missing functions: none
symbol engine: initialized successfully - sym options: 0x614 - pdb path: .;C:\Users\Zass\.jdks\jbr-21\bin;C:\Windows\SYSTEM32;C:\Windows\WinSxS\amd64_microsoft.windows.common-controls_6595b64144ccf1df_6.0.19041.1110_none_60b5254171f9507e;C:\Users\Zass\.jdks\jbr-21\bin\server

VM Arguments:
jvm_args: -javaagent:C:\Users\Zass\IntelliJ IDEA Community Edition 2023.1.3\lib\idea_rt.jar=62463:C:\Users\Zass\IntelliJ IDEA Community Edition 2023.1.3\bin -Dfile.encoding=UTF-8 -Dsun.stdout.encoding=UTF-8 -Dsun.stderr.encoding=UTF-8 
java_command: labmanual1mis.Rectangle
java_class_path (initial): D:\Documents\IdeaProjects\SemesterLabs.oop\out\production\SemesterLabs.oop
Launcher Type: SUN_STANDARD

[Global flags]
     intx CICompilerCount                          = 3                                         {product} {ergonomic}
     uint ConcGCThreads                            = 1                                         {product} {ergonomic}
     uint G1ConcRefinementThreads                  = 4                                         {product} {ergonomic}
   size_t G1HeapRegionSize                         = 1048576                                   {product} {ergonomic}
    uintx GCDrainStackTargetSize                   = 64                                        {product} {ergonomic}
   size_t InitialHeapSize                          = 134217728                                 {product} {ergonomic}
   size_t MarkStackSize                            = 4194304                                   {product} {ergonomic}
   size_t MaxHeapSize                              = 2116026368                                {product} {ergonomic}
   size_t MaxNewSize                               = 1268776960                                {product} {ergonomic}
   size_t MinHeapDeltaBytes                        = 1048576                                   {product} {ergonomic}
   size_t MinHeapSize                              = 8388608                                   {product} {ergonomic}
    uintx NonNMethodCodeHeapSize                   = 5832780                                {pd product} {ergonomic}
    uintx NonProfiledCodeHeapSize                  = 122912730                              {pd product} {ergonomic}
    uintx ProfiledCodeHeapSize                     = 122912730                              {pd product} {ergonomic}
    uintx ReservedCodeCacheSize                    = 251658240                              {pd product} {ergonomic}
     bool SegmentedCodeCache                       = true                                      {product} {ergonomic}
   size_t SoftMaxHeapSize                          = 2116026368                             {manageable} {ergonomic}
     bool UseCompressedOops                        = true                           {product lp64_product} {ergonomic}
     bool UseG1GC                                  = true                                      {product} {ergonomic}
     bool UseLargePagesIndividualAllocation        = false                                  {pd product} {ergonomic}

Logging:
Log output configuration:
 #0: stdout all=warning uptime,level,tags foldmultilines=false
 #1: stderr all=off uptime,level,tags foldmultilines=false

Environment Variables:
JAVA_HOME=C:\Users\Zass\AppData\Local\Programs\Eclipse Adoptium\jdk-17.0.7.7-hotspot\
PATH=C:\Windows\system32;C:\Windows;C:\Windows\System32\Wbem;C:\Windows\System32\WindowsPowerShell\v1.0\;C:\Windows\System32\OpenSSH\;C:\Program Files\Git\cmd;C:\Users\Zass\AppData\Local\Programs\Eclipse Adoptium\jdk-17.0.7.7-hotspot\bin;C:\Users\Zass\AppData\Local\Programs\Python\Python311\Scripts\;C:\Users\Zass\AppData\Local\Programs\Python\Python311\;C:\Users\Zass\AppData\Local\Microsoft\WindowsApps;C:\MinGW\bin;C:\Users\Zass\AppData\Local\Programs\Microsoft VS Code\bin;C:\Users\Zass\AppData\Local\GitHubDesktop\bin
USERNAME=Zass
OS=Windows_NT
PROCESSOR_IDENTIFIER=Intel64 Family 6 Model 142 Stepping 9, GenuineIntel
TMP=C:\Users\Zass\AppData\Local\Temp
TEMP=C:\Users\Zass\AppData\Local\Temp



JNI global refs:
JNI global refs: 4, weak refs: 0

JNI global refs memory usage: 835, weak refs: 201

OOME stack traces (most recent first):
Classloader memory used:
Loader bootstrap                                                                       : 4980K


---------------  S Y S T E M  ---------------

OS:
 Windows 10 , 64 bit Build 19041 (10.0.19041.3393)
OS uptime: 0 days 7:23 hours

CPU: total 4 (initial active 4) (2 cores per cpu, 2 threads per core) family 6 model 142 stepping 9 microcode 0xf0, cx8, cmov, fxsr, ht, mmx, 3dnowpref, sse, sse2, sse3, ssse3, sse4.1, sse4.2, popcnt, lzcnt, tsc, tscinvbit, avx, avx2, aes, erms, clmul, bmi1, bmi2, rtm, adx, fma, vzeroupper, clflush, clflushopt, rdtscp, f16c
Processor Information for all 4 processors :
  Max Mhz: 2712, Current Mhz: 2611, Mhz Limit: 2603

Memory: 4k page, system-wide physical 8067M (1191M free)
TotalPageFile size 8067M (AvailPageFile size 3M)
current process WorkingSet (physical memory assigned to process): 30M, peak: 30M
current process commit charge ("private bytes"): 192M, peak: 194M

vm_info: OpenJDK 64-Bit Server VM (21+9-b212.1) for windows-amd64 JRE (21+9-b212.1), built on 2023-08-25 by "builduser" with MS VC++ 16.10 / 16.11 (VS2019)

END.
